# JRE version: OpenJDK Runtime Environment (17.0.2+8) (build 17.0.2+8-86)
# Java VM: OpenJDK 64-Bit Server VM (17.0.2+8-86, mixed mode, sharing, tiered, compressed oops, compressed class ptrs, g1 gc, windows-amd64)
GC Precious Log:
 CPUs: 8 total, 8 available
 Memory: 8014M
 Large Page Support: Disabled
 NUMA Support: Disabled
 Compressed Oops: Enabled (32-bit)
 Heap Region Size: 1M
 Heap Min Capacity: 256M
 Heap Initial Capacity: 256M
 Heap Max Capacity: 512M
 Pre-touch: Disabled
 Parallel Workers: 8
 Concurrent Workers: 2
 Concurrent Refinement Workers: 8
 Periodic GC: Disabled
Heap:
 garbage-first heap   total 262144K, used 137765K [0x00000000e0000000, 0x0000000100000000)
  region size 1024K, 35 young (35840K), 15 survivors (15360K)
 Metaspace       used 53599K, committed 54208K, reserved 262144K
  class space    used 7364K, committed 7616K, reserved 212992K
GC Heap History (14 events):
Event: 0.929 GC heap before
{Heap before GC invocations=0 (full 0):
 garbage-first heap   total 262144K, used 28672K [0x00000000e0000000, 0x0000000100000000)
  region size 1024K, 23 young (23552K), 0 survivors (0K)
 Metaspace       used 3006K, committed 3200K, reserved 221184K
  class space    used 378K, committed 448K, reserved 212992K
}
Event: 0.935 GC heap after
{Heap after GC invocations=1 (full 0):
 garbage-first heap   total 262144K, used 9216K [0x00000000e0000000, 0x0000000100000000)
  region size 1024K, 3 young (3072K), 3 survivors (3072K)
 Metaspace       used 3006K, committed 3200K, reserved 221184K
  class space    used 378K, committed 448K, reserved 212992K
}
Event: 1.398 GC heap before
{Heap before GC invocations=1 (full 0):
 garbage-first heap   total 262144K, used 38912K [0x00000000e0000000, 0x0000000100000000)
  region size 1024K, 31 young (31744K), 3 survivors (3072K)
 Metaspace       used 3913K, committed 4096K, reserved 221184K
  class space    used 474K, committed 576K, reserved 212992K
}
Event: 1.402 GC heap after
{Heap after GC invocations=2 (full 0):
 garbage-first heap   total 262144K, used 13230K [0x00000000e0000000, 0x0000000100000000)
  region size 1024K, 4 young (4096K), 4 survivors (4096K)
 Metaspace       used 3913K, committed 4096K, reserved 221184K
  class space    used 474K, committed 576K, reserved 212992K
}
Event: 4.509 GC heap before
{Heap before GC invocations=2 (full 0):
 garbage-first heap   total 262144K, used 132014K [0x00000000e0000000, 0x0000000100000000)
  region size 1024K, 107 young (109568K), 4 survivors (4096K)
 Metaspace       used 21180K, committed 21504K, reserved 237568K
  class space    used 3156K, committed 3328K, reserved 212992K
}
Event: 4.522 GC heap after
{Heap after GC invocations=3 (full 0):
 garbage-first heap   total 262144K, used 38477K [0x00000000e0000000, 0x0000000100000000)
  region size 1024K, 14 young (14336K), 14 survivors (14336K)
 Metaspace       used 21180K, committed 21504K, reserved 237568K
  class space    used 3156K, committed 3328K, reserved 212992K
}
Event: 6.840 GC heap before
{Heap before GC invocations=4 (full 0):
 garbage-first heap   total 262144K, used 163405K [0x00000000e0000000, 0x0000000100000000)
  region size 1024K, 122 young (124928K), 14 survivors (14336K)
 Metaspace       used 35698K, committed 36096K, reserved 245760K
  class space    used 4876K, committed 5056K, reserved 212992K
}
Event: 6.860 GC heap after
{Heap after GC invocations=5 (full 0):
 garbage-first heap   total 262144K, used 63054K [0x00000000e0000000, 0x0000000100000000)
  region size 1024K, 20 young (20480K), 20 survivors (20480K)
 Metaspace       used 35698K, committed 36096K, reserved 245760K
  class space    used 4876K, committed 5056K, reserved 212992K
}
Event: 9.724 GC heap before
{Heap before GC invocations=6 (full 0):
 garbage-first heap   total 262144K, used 195150K [0x00000000e0000000, 0x0000000100000000)
  region size 1024K, 144 young (147456K), 20 survivors (20480K)
 Metaspace       used 46533K, committed 47104K, reserved 253952K
  class space    used 6560K, committed 6784K, reserved 212992K
}
Event: 9.751 GC heap after
{Heap after GC invocations=7 (full 0):
 garbage-first heap   total 262144K, used 79471K [0x00000000e0000000, 0x0000000100000000)
  region size 1024K, 13 young (13312K), 13 survivors (13312K)
 Metaspace       used 46533K, committed 47104K, reserved 253952K
  class space    used 6560K, committed 6784K, reserved 212992K
}
Event: 9.760 GC heap before
{Heap before GC invocations=7 (full 0):
 garbage-first heap   total 262144K, used 80495K [0x00000000e0000000, 0x0000000100000000)
  region size 1024K, 14 young (14336K), 13 survivors (13312K)
 Metaspace       used 46534K, committed 47104K, reserved 253952K
  class space    used 6560K, committed 6784K, reserved 212992K
}
Event: 9.773 GC heap after
{Heap after GC invocations=8 (full 0):
 garbage-first heap   total 262144K, used 81240K [0x00000000e0000000, 0x0000000100000000)
  region size 1024K, 2 young (2048K), 2 survivors (2048K)
 Metaspace       used 46534K, committed 47104K, reserved 253952K
  class space    used 6560K, committed 6784K, reserved 212992K
}
Event: 11.805 GC heap before
{Heap before GC invocations=8 (full 0):
 garbage-first heap   total 262144K, used 218456K [0x00000000e0000000, 0x0000000100000000)
  region size 1024K, 114 young (116736K), 2 survivors (2048K)
 Metaspace       used 53418K, committed 54016K, reserved 262144K
  class space    used 7363K, committed 7616K, reserved 212992K
}
Event: 11.817 GC heap after
{Heap after GC invocations=9 (full 0):
 garbage-first heap   total 262144K, used 118309K [0x00000000e0000000, 0x0000000100000000)
  region size 1024K, 15 young (15360K), 15 survivors (15360K)
 Metaspace       used 53418K, committed 54016K, reserved 262144K
  class space    used 7363K, committed 7616K, reserved 212992K
}

